{"/Users/25200282/Desktop/company/tokenx-energy-basket-service/src/modules/internal/basket/common/basket-strategy.decorator.ts": {"path":"/Users/25200282/Desktop/company/tokenx-energy-basket-service/src/modules/internal/basket/common/basket-strategy.decorator.ts","statementMap":{"0":{"start":{"line":1,"column":0},"end":{"line":1,"column":45}},"1":{"start":{"line":3,"column":13},"end":{"line":3,"column":58}},"2":{"start":{"line":5,"column":30},"end":{"line":5,"column":91}},"3":{"start":{"line":5,"column":48},"end":{"line":5,"column":91}},"4":{"start":{"line":5,"column":13},"end":{"line":5,"column":30}}},"fnMap":{"0":{"name":"(anonymous_0)","decl":{"start":{"line":5,"column":30},"end":{"line":5,"column":31}},"loc":{"start":{"line":5,"column":48},"end":{"line":5,"column":91}}}},"branchMap":{},"s":{"0":5,"1":5,"2":5,"3":15,"4":5},"f":{"0":15},"b":{}}
,"/Users/25200282/Desktop/company/tokenx-energy-basket-service/src/modules/internal/basket/common/basket.enum.ts": {"path":"/Users/25200282/Desktop/company/tokenx-energy-basket-service/src/modules/internal/basket/common/basket.enum.ts","statementMap":{"0":{"start":{"line":1,"column":0},"end":{"line":1,"column":null}},"1":{"start":{"line":2,"column":2},"end":{"line":2,"column":null}},"2":{"start":{"line":3,"column":2},"end":{"line":3,"column":null}},"3":{"start":{"line":4,"column":2},"end":{"line":4,"column":null}},"4":{"start":{"line":5,"column":2},"end":{"line":5,"column":null}},"5":{"start":{"line":6,"column":2},"end":{"line":6,"column":null}},"6":{"start":{"line":7,"column":2},"end":{"line":7,"column":null}}},"fnMap":{"0":{"name":"(anonymous_0)","decl":{"start":{"line":1,"column":0},"end":{"line":1,"column":12}},"loc":{"start":{"line":1,"column":25},"end":{"line":8,"column":1}}}},"branchMap":{"0":{"loc":{"start":{"line":1,"column":12},"end":{"line":1,"column":null}},"type":"binary-expr","locations":[{"start":{"line":1,"column":12},"end":{"line":1,"column":25}},{"start":{"line":1,"column":25},"end":{"line":1,"column":null}}]}},"s":{"0":5,"1":5,"2":5,"3":5,"4":5,"5":5,"6":5},"f":{"0":5},"b":{"0":[5,5]}}
,"/Users/25200282/Desktop/company/tokenx-energy-basket-service/src/modules/internal/basket/v1/basket-strategy.context.ts": {"path":"/Users/25200282/Desktop/company/tokenx-energy-basket-service/src/modules/internal/basket/v1/basket-strategy.context.ts","statementMap":{"0":{"start":{"line":1,"column":0},"end":{"line":1,"column":65}},"1":{"start":{"line":2,"column":0},"end":{"line":2,"column":59}},"2":{"start":{"line":4,"column":0},"end":{"line":4,"column":79}},"3":{"start":{"line":5,"column":0},"end":{"line":5,"column":73}},"4":{"start":{"line":8,"column":7},"end":{"line":43,"column":null}},"5":{"start":{"line":9,"column":23},"end":{"line":9,"column":62}},"6":{"start":{"line":12,"column":21},"end":{"line":12,"column":39}},"7":{"start":{"line":13,"column":21},"end":{"line":13,"column":32}},"8":{"start":{"line":17,"column":4},"end":{"line":17,"column":30}},"9":{"start":{"line":21,"column":4},"end":{"line":33,"column":5}},"10":{"start":{"line":22,"column":6},"end":{"line":32,"column":7}},"11":{"start":{"line":23,"column":25},"end":{"line":23,"column":42}},"12":{"start":{"line":24,"column":8},"end":{"line":24,"column":32}},"13":{"start":{"line":24,"column":23},"end":{"line":24,"column":32}},"14":{"start":{"line":25,"column":8},"end":{"line":25,"column":66}},"15":{"start":{"line":25,"column":57},"end":{"line":25,"column":66}},"16":{"start":{"line":27,"column":21},"end":{"line":27,"column":95}},"17":{"start":{"line":29,"column":8},"end":{"line":29,"column":28}},"18":{"start":{"line":29,"column":19},"end":{"line":29,"column":28}},"19":{"start":{"line":31,"column":8},"end":{"line":31,"column":44}},"20":{"start":{"line":37,"column":21},"end":{"line":37,"column":46}},"21":{"start":{"line":38,"column":4},"end":{"line":40,"column":5}},"22":{"start":{"line":39,"column":6},"end":{"line":39,"column":62}},"23":{"start":{"line":41,"column":4},"end":{"line":41,"column":20}},"24":{"start":{"line":8,"column":13},"end":{"line":8,"column":36}},"25":{"start":{"line":8,"column":13},"end":{"line":43,"column":null}}},"fnMap":{"0":{"name":"(anonymous_2)","decl":{"start":{"line":11,"column":2},"end":{"line":11,"column":null}},"loc":{"start":{"line":13,"column":41},"end":{"line":14,"column":6}}},"1":{"name":"(anonymous_3)","decl":{"start":{"line":16,"column":2},"end":{"line":16,"column":14}},"loc":{"start":{"line":16,"column":14},"end":{"line":18,"column":3}}},"2":{"name":"(anonymous_4)","decl":{"start":{"line":20,"column":10},"end":{"line":20,"column":28}},"loc":{"start":{"line":20,"column":28},"end":{"line":34,"column":3}}},"3":{"name":"(anonymous_5)","decl":{"start":{"line":36,"column":2},"end":{"line":36,"column":14}},"loc":{"start":{"line":36,"column":27},"end":{"line":42,"column":3}}}},"branchMap":{"0":{"loc":{"start":{"line":24,"column":8},"end":{"line":24,"column":32}},"type":"if","locations":[{"start":{"line":24,"column":8},"end":{"line":24,"column":32}},{"start":{},"end":{}}]},"1":{"loc":{"start":{"line":25,"column":8},"end":{"line":25,"column":66}},"type":"if","locations":[{"start":{"line":25,"column":8},"end":{"line":25,"column":66}},{"start":{},"end":{}}]},"2":{"loc":{"start":{"line":29,"column":8},"end":{"line":29,"column":28}},"type":"if","locations":[{"start":{"line":29,"column":8},"end":{"line":29,"column":28}},{"start":{},"end":{}}]},"3":{"loc":{"start":{"line":38,"column":4},"end":{"line":40,"column":5}},"type":"if","locations":[{"start":{"line":38,"column":4},"end":{"line":40,"column":5}},{"start":{},"end":{}}]},"4":{"loc":{"start":{"line":12,"column":39},"end":{"line":12,"column":null}},"type":"cond-expr","locations":[{"start":{"line":12,"column":55},"end":{"line":12,"column":null}},{"start":{"line":12,"column":55},"end":{"line":12,"column":null}}]},"5":{"loc":{"start":{"line":12,"column":39},"end":{"line":12,"column":55}},"type":"binary-expr","locations":[{"start":{"line":12,"column":39},"end":{"line":12,"column":null}},{"start":{"line":12,"column":39},"end":{"line":12,"column":55}}]},"6":{"loc":{"start":{"line":12,"column":55},"end":{"line":13,"column":null}},"type":"cond-expr","locations":[{"start":{"line":13,"column":41},"end":{"line":13,"column":null}},{"start":{"line":13,"column":41},"end":{"line":13,"column":null}}]},"7":{"loc":{"start":{"line":12,"column":55},"end":{"line":13,"column":41}},"type":"binary-expr","locations":[{"start":{"line":12,"column":55},"end":{"line":13,"column":null}},{"start":{"line":13,"column":32},"end":{"line":13,"column":41}}]}},"s":{"0":5,"1":5,"2":5,"3":5,"4":5,"5":5,"6":5,"7":5,"8":5,"9":5,"10":50,"11":270,"12":270,"13":10,"14":260,"15":245,"16":15,"17":15,"18":0,"19":15,"20":50,"21":50,"22":0,"23":50,"24":5,"25":5},"f":{"0":5,"1":5,"2":5,"3":50},"b":{"0":[10,260],"1":[245,15],"2":[0,15],"3":[0,50],"4":[5,0],"5":[5,5],"6":[5,0],"7":[5,5]}}
,"/Users/25200282/Desktop/company/tokenx-energy-basket-service/src/modules/internal/basket/v1/basket.controller.ts": {"path":"/Users/25200282/Desktop/company/tokenx-energy-basket-service/src/modules/internal/basket/v1/basket.controller.ts","statementMap":{"0":{"start":{"line":1,"column":0},"end":{"line":1,"column":85}},"1":{"start":{"line":2,"column":0},"end":{"line":2,"column":102}},"2":{"start":{"line":3,"column":0},"end":{"line":3,"column":80}},"3":{"start":{"line":5,"column":0},"end":{"line":5,"column":54}},"4":{"start":{"line":6,"column":0},"end":{"line":6,"column":68}},"5":{"start":{"line":7,"column":0},"end":{"line":7,"column":87}},"6":{"start":{"line":8,"column":0},"end":{"line":8,"column":124}},"7":{"start":{"line":9,"column":0},"end":{"line":9,"column":114}},"8":{"start":{"line":10,"column":0},"end":{"line":10,"column":93}},"9":{"start":{"line":13,"column":7},"end":{"line":43,"column":null}},"10":{"start":{"line":14,"column":31},"end":{"line":14,"column":56}},"11":{"start":{"line":18,"column":4},"end":{"line":18,"column":116}},"12":{"start":{"line":23,"column":4},"end":{"line":23,"column":112}},"13":{"start":{"line":29,"column":4},"end":{"line":29,"column":133}},"14":{"start":{"line":35,"column":4},"end":{"line":35,"column":122}},"15":{"start":{"line":41,"column":4},"end":{"line":41,"column":125}},"16":{"start":{"line":13,"column":13},"end":{"line":13,"column":31}},"17":{"start":{"line":17,"column":2},"end":{"line":19,"column":null}},"18":{"start":{"line":22,"column":2},"end":{"line":24,"column":null}},"19":{"start":{"line":28,"column":2},"end":{"line":30,"column":null}},"20":{"start":{"line":34,"column":2},"end":{"line":36,"column":null}},"21":{"start":{"line":40,"column":2},"end":{"line":42,"column":null}},"22":{"start":{"line":13,"column":13},"end":{"line":43,"column":null}}},"fnMap":{"0":{"name":"(anonymous_4)","decl":{"start":{"line":14,"column":2},"end":{"line":14,"column":31}},"loc":{"start":{"line":14,"column":79},"end":{"line":14,"column":83}}},"1":{"name":"(anonymous_5)","decl":{"start":{"line":17,"column":2},"end":{"line":17,"column":8}},"loc":{"start":{"line":17,"column":136},"end":{"line":19,"column":3}}},"2":{"name":"(anonymous_6)","decl":{"start":{"line":22,"column":2},"end":{"line":22,"column":9}},"loc":{"start":{"line":22,"column":93},"end":{"line":24,"column":3}}},"3":{"name":"(anonymous_7)","decl":{"start":{"line":28,"column":2},"end":{"line":28,"column":6}},"loc":{"start":{"line":28,"column":202},"end":{"line":30,"column":3}}},"4":{"name":"(anonymous_8)","decl":{"start":{"line":34,"column":2},"end":{"line":34,"column":8}},"loc":{"start":{"line":34,"column":149},"end":{"line":36,"column":3}}},"5":{"name":"(anonymous_9)","decl":{"start":{"line":40,"column":2},"end":{"line":40,"column":5}},"loc":{"start":{"line":40,"column":184},"end":{"line":42,"column":3}}}},"branchMap":{"0":{"loc":{"start":{"line":17,"column":31},"end":{"line":17,"column":44}},"type":"cond-expr","locations":[{"start":{"line":17,"column":41},"end":{"line":17,"column":44}},{"start":{"line":17,"column":41},"end":{"line":17,"column":44}}]},"1":{"loc":{"start":{"line":17,"column":31},"end":{"line":17,"column":41}},"type":"binary-expr","locations":[{"start":{"line":17,"column":31},"end":{"line":17,"column":44}},{"start":{"line":17,"column":31},"end":{"line":17,"column":41}}]},"2":{"loc":{"start":{"line":17,"column":41},"end":{"line":17,"column":null}},"type":"cond-expr","locations":[{"start":{"line":17,"column":136},"end":{"line":17,"column":null}},{"start":{"line":17,"column":136},"end":{"line":17,"column":null}}]},"3":{"loc":{"start":{"line":17,"column":41},"end":{"line":17,"column":136}},"type":"binary-expr","locations":[{"start":{"line":17,"column":41},"end":{"line":17,"column":null}},{"start":{"line":17,"column":108},"end":{"line":17,"column":136}}]},"4":{"loc":{"start":{"line":22,"column":32},"end":{"line":22,"column":45}},"type":"cond-expr","locations":[{"start":{"line":22,"column":42},"end":{"line":22,"column":45}},{"start":{"line":22,"column":42},"end":{"line":22,"column":45}}]},"5":{"loc":{"start":{"line":22,"column":32},"end":{"line":22,"column":42}},"type":"binary-expr","locations":[{"start":{"line":22,"column":32},"end":{"line":22,"column":45}},{"start":{"line":22,"column":32},"end":{"line":22,"column":42}}]},"6":{"loc":{"start":{"line":28,"column":29},"end":{"line":28,"column":42}},"type":"cond-expr","locations":[{"start":{"line":28,"column":39},"end":{"line":28,"column":42}},{"start":{"line":28,"column":39},"end":{"line":28,"column":42}}]},"7":{"loc":{"start":{"line":28,"column":29},"end":{"line":28,"column":39}},"type":"binary-expr","locations":[{"start":{"line":28,"column":29},"end":{"line":28,"column":42}},{"start":{"line":28,"column":29},"end":{"line":28,"column":39}}]},"8":{"loc":{"start":{"line":28,"column":39},"end":{"line":28,"column":148}},"type":"cond-expr","locations":[{"start":{"line":28,"column":145},"end":{"line":28,"column":148}},{"start":{"line":28,"column":145},"end":{"line":28,"column":148}}]},"9":{"loc":{"start":{"line":28,"column":39},"end":{"line":28,"column":145}},"type":"binary-expr","locations":[{"start":{"line":28,"column":39},"end":{"line":28,"column":148}},{"start":{"line":28,"column":113},"end":{"line":28,"column":145}}]},"10":{"loc":{"start":{"line":28,"column":145},"end":{"line":28,"column":null}},"type":"cond-expr","locations":[{"start":{"line":28,"column":202},"end":{"line":28,"column":null}},{"start":{"line":28,"column":202},"end":{"line":28,"column":null}}]},"11":{"loc":{"start":{"line":28,"column":145},"end":{"line":28,"column":202}},"type":"binary-expr","locations":[{"start":{"line":28,"column":145},"end":{"line":28,"column":null}},{"start":{"line":28,"column":169},"end":{"line":28,"column":202}}]},"12":{"loc":{"start":{"line":34,"column":31},"end":{"line":34,"column":44}},"type":"cond-expr","locations":[{"start":{"line":34,"column":41},"end":{"line":34,"column":44}},{"start":{"line":34,"column":41},"end":{"line":34,"column":44}}]},"13":{"loc":{"start":{"line":34,"column":31},"end":{"line":34,"column":41}},"type":"binary-expr","locations":[{"start":{"line":34,"column":31},"end":{"line":34,"column":44}},{"start":{"line":34,"column":31},"end":{"line":34,"column":41}}]},"14":{"loc":{"start":{"line":34,"column":41},"end":{"line":34,"column":null}},"type":"cond-expr","locations":[{"start":{"line":34,"column":149},"end":{"line":34,"column":null}},{"start":{"line":34,"column":149},"end":{"line":34,"column":null}}]},"15":{"loc":{"start":{"line":34,"column":41},"end":{"line":34,"column":149}},"type":"binary-expr","locations":[{"start":{"line":34,"column":41},"end":{"line":34,"column":null}},{"start":{"line":34,"column":115},"end":{"line":34,"column":149}}]},"16":{"loc":{"start":{"line":40,"column":28},"end":{"line":40,"column":41}},"type":"cond-expr","locations":[{"start":{"line":40,"column":38},"end":{"line":40,"column":41}},{"start":{"line":40,"column":38},"end":{"line":40,"column":41}}]},"17":{"loc":{"start":{"line":40,"column":28},"end":{"line":40,"column":38}},"type":"binary-expr","locations":[{"start":{"line":40,"column":28},"end":{"line":40,"column":41}},{"start":{"line":40,"column":28},"end":{"line":40,"column":38}}]},"18":{"loc":{"start":{"line":40,"column":38},"end":{"line":40,"column":133}},"type":"cond-expr","locations":[{"start":{"line":40,"column":130},"end":{"line":40,"column":133}},{"start":{"line":40,"column":130},"end":{"line":40,"column":133}}]},"19":{"loc":{"start":{"line":40,"column":38},"end":{"line":40,"column":130}},"type":"binary-expr","locations":[{"start":{"line":40,"column":38},"end":{"line":40,"column":133}},{"start":{"line":40,"column":105},"end":{"line":40,"column":130}}]},"20":{"loc":{"start":{"line":40,"column":130},"end":{"line":40,"column":null}},"type":"cond-expr","locations":[{"start":{"line":40,"column":184},"end":{"line":40,"column":null}},{"start":{"line":40,"column":184},"end":{"line":40,"column":null}}]},"21":{"loc":{"start":{"line":40,"column":130},"end":{"line":40,"column":184}},"type":"binary-expr","locations":[{"start":{"line":40,"column":130},"end":{"line":40,"column":null}},{"start":{"line":40,"column":153},"end":{"line":40,"column":184}}]},"22":{"loc":{"start":{"line":14,"column":56},"end":{"line":14,"column":82}},"type":"cond-expr","locations":[{"start":{"line":14,"column":79},"end":{"line":14,"column":82}},{"start":{"line":14,"column":79},"end":{"line":14,"column":82}}]},"23":{"loc":{"start":{"line":14,"column":56},"end":{"line":14,"column":79}},"type":"binary-expr","locations":[{"start":{"line":14,"column":56},"end":{"line":14,"column":82}},{"start":{"line":14,"column":56},"end":{"line":14,"column":79}}]}},"s":{"0":5,"1":5,"2":5,"3":5,"4":5,"5":5,"6":5,"7":5,"8":5,"9":5,"10":5,"11":9,"12":13,"13":10,"14":9,"15":9,"16":5,"17":5,"18":5,"19":5,"20":5,"21":5,"22":5},"f":{"0":5,"1":9,"2":13,"3":10,"4":9,"5":9},"b":{"0":[0,5],"1":[5,5],"2":[5,0],"3":[5,5],"4":[0,5],"5":[5,5],"6":[0,5],"7":[5,5],"8":[5,0],"9":[5,5],"10":[5,0],"11":[5,5],"12":[0,5],"13":[5,5],"14":[5,0],"15":[5,5],"16":[0,5],"17":[5,5],"18":[5,0],"19":[5,5],"20":[5,0],"21":[5,5],"22":[5,0],"23":[5,5]}}
,"/Users/25200282/Desktop/company/tokenx-energy-basket-service/src/modules/internal/basket/v1/repositories/basket-base.repository.ts": {"path":"/Users/25200282/Desktop/company/tokenx-energy-basket-service/src/modules/internal/basket/v1/repositories/basket-base.repository.ts","statementMap":{"0":{"start":{"line":1,"column":0},"end":{"line":1,"column":44}},"1":{"start":{"line":2,"column":0},"end":{"line":2,"column":47}},"2":{"start":{"line":3,"column":0},"end":{"line":3,"column":33}},"3":{"start":{"line":4,"column":0},"end":{"line":4,"column":80}},"4":{"start":{"line":5,"column":0},"end":{"line":5,"column":69}},"5":{"start":{"line":6,"column":0},"end":{"line":6,"column":106}},"6":{"start":{"line":7,"column":0},"end":{"line":7,"column":83}},"7":{"start":{"line":15,"column":7},"end":{"line":57,"column":null}},"8":{"start":{"line":17,"column":4},"end":{"line":17,"column":17}},"9":{"start":{"line":29,"column":4},"end":{"line":29,"column":39}},"10":{"start":{"line":33,"column":19},"end":{"line":33,"column":95}},"11":{"start":{"line":34,"column":27},"end":{"line":34,"column":70}},"12":{"start":{"line":36,"column":25},"end":{"line":36,"column":184}},"13":{"start":{"line":37,"column":4},"end":{"line":37,"column":76}},"14":{"start":{"line":37,"column":32},"end":{"line":37,"column":76}},"15":{"start":{"line":39,"column":4},"end":{"line":39,"column":41}},"16":{"start":{"line":43,"column":25},"end":{"line":43,"column":116}},"17":{"start":{"line":44,"column":4},"end":{"line":44,"column":82}},"18":{"start":{"line":44,"column":23},"end":{"line":44,"column":82}},"19":{"start":{"line":46,"column":19},"end":{"line":46,"column":53}},"20":{"start":{"line":47,"column":4},"end":{"line":47,"column":83}},"21":{"start":{"line":47,"column":17},"end":{"line":47,"column":83}},"22":{"start":{"line":49,"column":4},"end":{"line":49,"column":18}},"23":{"start":{"line":53,"column":19},"end":{"line":53,"column":90}},"24":{"start":{"line":54,"column":4},"end":{"line":54,"column":83}},"25":{"start":{"line":54,"column":17},"end":{"line":54,"column":83}},"26":{"start":{"line":55,"column":4},"end":{"line":55,"column":18}},"27":{"start":{"line":15,"column":13},"end":{"line":15,"column":35}},"28":{"start":{"line":15,"column":13},"end":{"line":57,"column":null}}},"fnMap":{"0":{"name":"(anonymous_4)","decl":{"start":{"line":16,"column":2},"end":{"line":16,"column":15}},"loc":{"start":{"line":16,"column":68},"end":{"line":18,"column":3}}},"1":{"name":"(anonymous_5)","decl":{"start":{"line":28,"column":2},"end":{"line":28,"column":7}},"loc":{"start":{"line":28,"column":53},"end":{"line":30,"column":3}}},"2":{"name":"(anonymous_6)","decl":{"start":{"line":32,"column":2},"end":{"line":32,"column":7}},"loc":{"start":{"line":32,"column":44},"end":{"line":40,"column":3}}},"3":{"name":"(anonymous_7)","decl":{"start":{"line":42,"column":2},"end":{"line":42,"column":7}},"loc":{"start":{"line":42,"column":61},"end":{"line":50,"column":3}}},"4":{"name":"(anonymous_8)","decl":{"start":{"line":52,"column":2},"end":{"line":52,"column":7}},"loc":{"start":{"line":52,"column":110},"end":{"line":56,"column":3}}}},"branchMap":{"0":{"loc":{"start":{"line":44,"column":4},"end":{"line":44,"column":82}},"type":"if","locations":[{"start":{"line":44,"column":4},"end":{"line":44,"column":82}},{"start":{},"end":{}}]},"1":{"loc":{"start":{"line":47,"column":4},"end":{"line":47,"column":83}},"type":"if","locations":[{"start":{"line":47,"column":4},"end":{"line":47,"column":83}},{"start":{},"end":{}}]},"2":{"loc":{"start":{"line":54,"column":4},"end":{"line":54,"column":83}},"type":"if","locations":[{"start":{"line":54,"column":4},"end":{"line":54,"column":83}},{"start":{},"end":{}}]},"3":{"loc":{"start":{"line":16,"column":47},"end":{"line":16,"column":68}},"type":"cond-expr","locations":[{"start":{"line":16,"column":52},"end":{"line":16,"column":68}},{"start":{"line":16,"column":52},"end":{"line":16,"column":68}}]},"4":{"loc":{"start":{"line":16,"column":47},"end":{"line":16,"column":52}},"type":"binary-expr","locations":[{"start":{"line":16,"column":47},"end":{"line":16,"column":68}},{"start":{"line":16,"column":47},"end":{"line":16,"column":52}}]}},"s":{"0":5,"1":5,"2":5,"3":5,"4":5,"5":5,"6":5,"7":5,"8":5,"9":9,"10":13,"11":13,"12":13,"13":13,"14":91,"15":13,"16":27,"17":27,"18":27,"19":27,"20":27,"21":9,"22":18,"23":7,"24":7,"25":0,"26":7,"27":5,"28":5},"f":{"0":5,"1":9,"2":13,"3":27,"4":7},"b":{"0":[27,0],"1":[9,18],"2":[0,7],"3":[5,0],"4":[5,5]}}
,"/Users/25200282/Desktop/company/tokenx-energy-basket-service/src/modules/internal/basket/v1/strategies/basket-base.strategy.ts": {"path":"/Users/25200282/Desktop/company/tokenx-energy-basket-service/src/modules/internal/basket/v1/strategies/basket-base.strategy.ts","statementMap":{"0":{"start":{"line":1,"column":0},"end":{"line":1,"column":92}},"1":{"start":{"line":2,"column":0},"end":{"line":2,"column":70}},"2":{"start":{"line":3,"column":0},"end":{"line":3,"column":43}},"3":{"start":{"line":4,"column":0},"end":{"line":4,"column":80}},"4":{"start":{"line":5,"column":0},"end":{"line":5,"column":70}},"5":{"start":{"line":6,"column":0},"end":{"line":6,"column":64}},"6":{"start":{"line":10,"column":0},"end":{"line":10,"column":80}},"7":{"start":{"line":13,"column":7},"end":{"line":68,"column":null}},"8":{"start":{"line":14,"column":33},"end":{"line":14,"column":57}},"9":{"start":{"line":18,"column":4},"end":{"line":18,"column":71}},"10":{"start":{"line":22,"column":4},"end":{"line":22,"column":71}},"11":{"start":{"line":26,"column":4},"end":{"line":26,"column":71}},"12":{"start":{"line":30,"column":4},"end":{"line":30,"column":71}},"13":{"start":{"line":35,"column":4},"end":{"line":35,"column":49}},"14":{"start":{"line":39,"column":4},"end":{"line":39,"column":56}},"15":{"start":{"line":43,"column":4},"end":{"line":43,"column":56}},"16":{"start":{"line":56,"column":19},"end":{"line":56,"column":39}},"17":{"start":{"line":57,"column":4},"end":{"line":57,"column":111}},"18":{"start":{"line":57,"column":17},"end":{"line":57,"column":111}},"19":{"start":{"line":59,"column":4},"end":{"line":63,"column":5}},"20":{"start":{"line":60,"column":23},"end":{"line":60,"column":68}},"21":{"start":{"line":61,"column":21},"end":{"line":61,"column":45}},"22":{"start":{"line":62,"column":6},"end":{"line":62,"column":67}},"23":{"start":{"line":62,"column":29},"end":{"line":62,"column":67}},"24":{"start":{"line":65,"column":23},"end":{"line":65,"column":46}},"25":{"start":{"line":66,"column":4},"end":{"line":66,"column":38}},"26":{"start":{"line":13,"column":13},"end":{"line":13,"column":33}},"27":{"start":{"line":13,"column":13},"end":{"line":68,"column":null}}},"fnMap":{"0":{"name":"(anonymous_2)","decl":{"start":{"line":14,"column":2},"end":{"line":14,"column":33}},"loc":{"start":{"line":14,"column":79},"end":{"line":14,"column":83}}},"1":{"name":"(anonymous_3)","decl":{"start":{"line":17,"column":2},"end":{"line":17,"column":7}},"loc":{"start":{"line":17,"column":24},"end":{"line":19,"column":3}}},"2":{"name":"(anonymous_4)","decl":{"start":{"line":21,"column":2},"end":{"line":21,"column":7}},"loc":{"start":{"line":21,"column":25},"end":{"line":23,"column":3}}},"3":{"name":"(anonymous_5)","decl":{"start":{"line":25,"column":2},"end":{"line":25,"column":7}},"loc":{"start":{"line":25,"column":22},"end":{"line":27,"column":3}}},"4":{"name":"(anonymous_6)","decl":{"start":{"line":29,"column":2},"end":{"line":29,"column":7}},"loc":{"start":{"line":29,"column":24},"end":{"line":31,"column":3}}},"5":{"name":"(anonymous_7)","decl":{"start":{"line":34,"column":12},"end":{"line":34,"column":21}},"loc":{"start":{"line":34,"column":70},"end":{"line":36,"column":3}}},"6":{"name":"(anonymous_8)","decl":{"start":{"line":38,"column":12},"end":{"line":38,"column":25}},"loc":{"start":{"line":38,"column":78},"end":{"line":40,"column":3}}},"7":{"name":"(anonymous_9)","decl":{"start":{"line":42,"column":12},"end":{"line":42,"column":30}},"loc":{"start":{"line":42,"column":110},"end":{"line":44,"column":3}}},"8":{"name":"(anonymous_10)","decl":{"start":{"line":55,"column":2},"end":{"line":55,"column":7}},"loc":{"start":{"line":55,"column":114},"end":{"line":67,"column":3}}}},"branchMap":{"0":{"loc":{"start":{"line":57,"column":4},"end":{"line":57,"column":111}},"type":"if","locations":[{"start":{"line":57,"column":4},"end":{"line":57,"column":111}},{"start":{},"end":{}}]},"1":{"loc":{"start":{"line":59,"column":4},"end":{"line":63,"column":5}},"type":"if","locations":[{"start":{"line":59,"column":4},"end":{"line":63,"column":5}},{"start":{},"end":{}}]},"2":{"loc":{"start":{"line":59,"column":8},"end":{"line":59,"column":38}},"type":"binary-expr","locations":[{"start":{"line":59,"column":8},"end":{"line":59,"column":25}},{"start":{"line":59,"column":29},"end":{"line":59,"column":38}}]},"3":{"loc":{"start":{"line":62,"column":6},"end":{"line":62,"column":67}},"type":"if","locations":[{"start":{"line":62,"column":6},"end":{"line":62,"column":67}},{"start":{},"end":{}}]},"4":{"loc":{"start":{"line":14,"column":57},"end":{"line":14,"column":82}},"type":"cond-expr","locations":[{"start":{"line":14,"column":79},"end":{"line":14,"column":82}},{"start":{"line":14,"column":79},"end":{"line":14,"column":82}}]},"5":{"loc":{"start":{"line":14,"column":57},"end":{"line":14,"column":79}},"type":"binary-expr","locations":[{"start":{"line":14,"column":57},"end":{"line":14,"column":82}},{"start":{"line":14,"column":57},"end":{"line":14,"column":79}}]}},"s":{"0":5,"1":5,"2":5,"3":5,"4":5,"5":5,"6":5,"7":5,"8":15,"9":0,"10":0,"11":0,"12":0,"13":4,"14":13,"15":0,"16":50,"17":50,"18":0,"19":50,"20":18,"21":18,"22":18,"23":0,"24":50,"25":50,"26":5,"27":5},"f":{"0":15,"1":0,"2":0,"3":0,"4":0,"5":4,"6":13,"7":0,"8":50},"b":{"0":[0,50],"1":[18,32],"2":[50,18],"3":[0,18],"4":[5,0],"5":[5,5]}}
,"/Users/25200282/Desktop/company/tokenx-energy-basket-service/src/modules/internal/basket/v1/strategies/device/basket-1000TR.strategy.ts": {"path":"/Users/25200282/Desktop/company/tokenx-energy-basket-service/src/modules/internal/basket/v1/strategies/device/basket-1000TR.strategy.ts","statementMap":{"0":{"start":{"line":1,"column":0},"end":{"line":1,"column":44}},"1":{"start":{"line":2,"column":0},"end":{"line":2,"column":80}},"2":{"start":{"line":3,"column":0},"end":{"line":3,"column":105}},"3":{"start":{"line":4,"column":0},"end":{"line":4,"column":82}},"4":{"start":{"line":6,"column":0},"end":{"line":6,"column":75}},"5":{"start":{"line":9,"column":0},"end":{"line":9,"column":99}},"6":{"start":{"line":13,"column":0},"end":{"line":13,"column":75}},"7":{"start":{"line":17,"column":7},"end":{"line":51,"column":null}},"8":{"start":{"line":20,"column":17},"end":{"line":20,"column":107}},"9":{"start":{"line":21,"column":49},"end":{"line":21,"column":150}},"10":{"start":{"line":23,"column":4},"end":{"line":23,"column":127}},"11":{"start":{"line":23,"column":50},"end":{"line":23,"column":127}},"12":{"start":{"line":24,"column":4},"end":{"line":24,"column":106}},"13":{"start":{"line":24,"column":45},"end":{"line":24,"column":106}},"14":{"start":{"line":25,"column":4},"end":{"line":25,"column":135}},"15":{"start":{"line":25,"column":48},"end":{"line":25,"column":135}},"16":{"start":{"line":27,"column":4},"end":{"line":27,"column":173}},"17":{"start":{"line":27,"column":99},"end":{"line":27,"column":173}},"18":{"start":{"line":28,"column":4},"end":{"line":28,"column":185}},"19":{"start":{"line":28,"column":98},"end":{"line":28,"column":185}},"20":{"start":{"line":29,"column":4},"end":{"line":29,"column":171}},"21":{"start":{"line":29,"column":84},"end":{"line":29,"column":171}},"22":{"start":{"line":31,"column":4},"end":{"line":31,"column":65}},"23":{"start":{"line":36,"column":17},"end":{"line":36,"column":107}},"24":{"start":{"line":37,"column":51},"end":{"line":37,"column":138}},"25":{"start":{"line":39,"column":4},"end":{"line":39,"column":127}},"26":{"start":{"line":39,"column":50},"end":{"line":39,"column":127}},"27":{"start":{"line":40,"column":4},"end":{"line":40,"column":52}},"28":{"start":{"line":40,"column":45},"end":{"line":40,"column":52}},"29":{"start":{"line":41,"column":4},"end":{"line":41,"column":126}},"30":{"start":{"line":41,"column":48},"end":{"line":41,"column":126}},"31":{"start":{"line":43,"column":4},"end":{"line":43,"column":158}},"32":{"start":{"line":43,"column":84},"end":{"line":43,"column":158}},"33":{"start":{"line":44,"column":4},"end":{"line":44,"column":171}},"34":{"start":{"line":44,"column":84},"end":{"line":44,"column":171}},"35":{"start":{"line":49,"column":4},"end":{"line":49,"column":64}},"36":{"start":{"line":17,"column":13},"end":{"line":17,"column":35}},"37":{"start":{"line":17,"column":13},"end":{"line":51,"column":null}}},"fnMap":{"0":{"name":"(anonymous_1)","decl":{"start":{"line":19,"column":2},"end":{"line":19,"column":7}},"loc":{"start":{"line":19,"column":47},"end":{"line":32,"column":3}}},"1":{"name":"(anonymous_2)","decl":{"start":{"line":35,"column":2},"end":{"line":35,"column":7}},"loc":{"start":{"line":35,"column":51},"end":{"line":45,"column":3}}},"2":{"name":"(anonymous_3)","decl":{"start":{"line":48,"column":2},"end":{"line":48,"column":7}},"loc":{"start":{"line":48,"column":45},"end":{"line":50,"column":3}}}},"branchMap":{"0":{"loc":{"start":{"line":23,"column":4},"end":{"line":23,"column":127}},"type":"if","locations":[{"start":{"line":23,"column":4},"end":{"line":23,"column":127}},{"start":{},"end":{}}]},"1":{"loc":{"start":{"line":24,"column":4},"end":{"line":24,"column":106}},"type":"if","locations":[{"start":{"line":24,"column":4},"end":{"line":24,"column":106}},{"start":{},"end":{}}]},"2":{"loc":{"start":{"line":25,"column":4},"end":{"line":25,"column":135}},"type":"if","locations":[{"start":{"line":25,"column":4},"end":{"line":25,"column":135}},{"start":{},"end":{}}]},"3":{"loc":{"start":{"line":27,"column":4},"end":{"line":27,"column":173}},"type":"if","locations":[{"start":{"line":27,"column":4},"end":{"line":27,"column":173}},{"start":{},"end":{}}]},"4":{"loc":{"start":{"line":27,"column":8},"end":{"line":27,"column":97}},"type":"binary-expr","locations":[{"start":{"line":27,"column":8},"end":{"line":27,"column":45}},{"start":{"line":27,"column":49},"end":{"line":27,"column":82}},{"start":{"line":27,"column":86},"end":{"line":27,"column":97}}]},"5":{"loc":{"start":{"line":28,"column":4},"end":{"line":28,"column":185}},"type":"if","locations":[{"start":{"line":28,"column":4},"end":{"line":28,"column":185}},{"start":{},"end":{}}]},"6":{"loc":{"start":{"line":28,"column":8},"end":{"line":28,"column":96}},"type":"binary-expr","locations":[{"start":{"line":28,"column":8},"end":{"line":28,"column":45}},{"start":{"line":28,"column":49},"end":{"line":28,"column":82}},{"start":{"line":28,"column":86},"end":{"line":28,"column":96}}]},"7":{"loc":{"start":{"line":29,"column":4},"end":{"line":29,"column":171}},"type":"if","locations":[{"start":{"line":29,"column":4},"end":{"line":29,"column":171}},{"start":{},"end":{}}]},"8":{"loc":{"start":{"line":29,"column":8},"end":{"line":29,"column":82}},"type":"binary-expr","locations":[{"start":{"line":29,"column":8},"end":{"line":29,"column":45}},{"start":{"line":29,"column":49},"end":{"line":29,"column":82}}]},"9":{"loc":{"start":{"line":39,"column":4},"end":{"line":39,"column":127}},"type":"if","locations":[{"start":{"line":39,"column":4},"end":{"line":39,"column":127}},{"start":{},"end":{}}]},"10":{"loc":{"start":{"line":40,"column":4},"end":{"line":40,"column":52}},"type":"if","locations":[{"start":{"line":40,"column":4},"end":{"line":40,"column":52}},{"start":{},"end":{}}]},"11":{"loc":{"start":{"line":41,"column":4},"end":{"line":41,"column":126}},"type":"if","locations":[{"start":{"line":41,"column":4},"end":{"line":41,"column":126}},{"start":{},"end":{}}]},"12":{"loc":{"start":{"line":43,"column":4},"end":{"line":43,"column":158}},"type":"if","locations":[{"start":{"line":43,"column":4},"end":{"line":43,"column":158}},{"start":{},"end":{}}]},"13":{"loc":{"start":{"line":43,"column":8},"end":{"line":43,"column":82}},"type":"binary-expr","locations":[{"start":{"line":43,"column":8},"end":{"line":43,"column":45}},{"start":{"line":43,"column":49},"end":{"line":43,"column":82}}]},"14":{"loc":{"start":{"line":44,"column":4},"end":{"line":44,"column":171}},"type":"if","locations":[{"start":{"line":44,"column":4},"end":{"line":44,"column":171}},{"start":{},"end":{}}]},"15":{"loc":{"start":{"line":44,"column":8},"end":{"line":44,"column":82}},"type":"binary-expr","locations":[{"start":{"line":44,"column":8},"end":{"line":44,"column":45}},{"start":{"line":44,"column":49},"end":{"line":44,"column":82}}]}},"s":{"0":5,"1":5,"2":5,"3":5,"4":5,"5":5,"6":5,"7":5,"8":1,"9":1,"10":1,"11":0,"12":1,"13":1,"14":0,"15":0,"16":0,"17":0,"18":0,"19":0,"20":0,"21":0,"22":0,"23":1,"24":1,"25":1,"26":0,"27":1,"28":1,"29":0,"30":0,"31":0,"32":0,"33":0,"34":0,"35":1,"36":5,"37":5},"f":{"0":1,"1":1,"2":1},"b":{"0":[0,1],"1":[1,0],"2":[0,0],"3":[0,0],"4":[0,0,0],"5":[0,0],"6":[0,0,0],"7":[0,0],"8":[0,0],"9":[0,1],"10":[1,0],"11":[0,0],"12":[0,0],"13":[0,0],"14":[0,0],"15":[0,0]}}
,"/Users/25200282/Desktop/company/tokenx-energy-basket-service/src/modules/internal/basket/v1/strategies/device/basket-400TR.strategy.ts": {"path":"/Users/25200282/Desktop/company/tokenx-energy-basket-service/src/modules/internal/basket/v1/strategies/device/basket-400TR.strategy.ts","statementMap":{"0":{"start":{"line":1,"column":0},"end":{"line":1,"column":44}},"1":{"start":{"line":3,"column":0},"end":{"line":3,"column":75}},"2":{"start":{"line":4,"column":0},"end":{"line":4,"column":75}},"3":{"start":{"line":8,"column":7},"end":{"line":8,"column":null}},"4":{"start":{"line":8,"column":13},"end":{"line":8,"column":34}},"5":{"start":{"line":8,"column":13},"end":{"line":8,"column":null}}},"fnMap":{},"branchMap":{},"s":{"0":5,"1":5,"2":5,"3":5,"4":5,"5":5},"f":{},"b":{}}
,"/Users/25200282/Desktop/company/tokenx-energy-basket-service/src/modules/internal/basket/v1/strategies/device/basket-430TR.strategy.ts": {"path":"/Users/25200282/Desktop/company/tokenx-energy-basket-service/src/modules/internal/basket/v1/strategies/device/basket-430TR.strategy.ts","statementMap":{"0":{"start":{"line":1,"column":0},"end":{"line":1,"column":44}},"1":{"start":{"line":3,"column":0},"end":{"line":3,"column":75}},"2":{"start":{"line":4,"column":0},"end":{"line":4,"column":75}},"3":{"start":{"line":8,"column":7},"end":{"line":8,"column":null}},"4":{"start":{"line":8,"column":13},"end":{"line":8,"column":34}},"5":{"start":{"line":8,"column":13},"end":{"line":8,"column":null}}},"fnMap":{},"branchMap":{},"s":{"0":5,"1":5,"2":5,"3":5,"4":5,"5":5},"f":{},"b":{}}
,"/Users/25200282/Desktop/company/tokenx-energy-basket-service/src/modules/internal/basket/v1/strategies/device/basket-base-device.strategy.ts": {"path":"/Users/25200282/Desktop/company/tokenx-energy-basket-service/src/modules/internal/basket/v1/strategies/device/basket-base-device.strategy.ts","statementMap":{"0":{"start":{"line":1,"column":0},"end":{"line":1,"column":44}},"1":{"start":{"line":2,"column":0},"end":{"line":2,"column":80}},"2":{"start":{"line":3,"column":0},"end":{"line":3,"column":80}},"3":{"start":{"line":4,"column":0},"end":{"line":4,"column":82}},"4":{"start":{"line":6,"column":0},"end":{"line":6,"column":60}},"5":{"start":{"line":10,"column":0},"end":{"line":10,"column":91}},"6":{"start":{"line":11,"column":0},"end":{"line":11,"column":85}},"7":{"start":{"line":12,"column":0},"end":{"line":12,"column":108}},"8":{"start":{"line":13,"column":0},"end":{"line":13,"column":99}},"9":{"start":{"line":14,"column":0},"end":{"line":14,"column":100}},"10":{"start":{"line":15,"column":0},"end":{"line":15,"column":105}},"11":{"start":{"line":16,"column":0},"end":{"line":16,"column":96}},"12":{"start":{"line":17,"column":0},"end":{"line":17,"column":94}},"13":{"start":{"line":18,"column":0},"end":{"line":18,"column":100}},"14":{"start":{"line":19,"column":0},"end":{"line":19,"column":63}},"15":{"start":{"line":22,"column":7},"end":{"line":117,"column":null}},"16":{"start":{"line":26,"column":22},"end":{"line":37,"column":6}},"17":{"start":{"line":38,"column":4},"end":{"line":38,"column":56}},"18":{"start":{"line":42,"column":19},"end":{"line":42,"column":87}},"19":{"start":{"line":43,"column":4},"end":{"line":43,"column":73}},"20":{"start":{"line":48,"column":17},"end":{"line":48,"column":107}},"21":{"start":{"line":49,"column":49},"end":{"line":49,"column":150}},"22":{"start":{"line":51,"column":4},"end":{"line":51,"column":127}},"23":{"start":{"line":51,"column":50},"end":{"line":51,"column":127}},"24":{"start":{"line":52,"column":4},"end":{"line":52,"column":117}},"25":{"start":{"line":52,"column":45},"end":{"line":52,"column":117}},"26":{"start":{"line":53,"column":4},"end":{"line":53,"column":135}},"27":{"start":{"line":53,"column":48},"end":{"line":53,"column":135}},"28":{"start":{"line":55,"column":4},"end":{"line":55,"column":173}},"29":{"start":{"line":55,"column":99},"end":{"line":55,"column":173}},"30":{"start":{"line":56,"column":4},"end":{"line":56,"column":185}},"31":{"start":{"line":56,"column":98},"end":{"line":56,"column":185}},"32":{"start":{"line":57,"column":4},"end":{"line":57,"column":171}},"33":{"start":{"line":57,"column":84},"end":{"line":57,"column":171}},"34":{"start":{"line":59,"column":4},"end":{"line":59,"column":65}},"35":{"start":{"line":63,"column":17},"end":{"line":63,"column":107}},"36":{"start":{"line":64,"column":51},"end":{"line":64,"column":138}},"37":{"start":{"line":66,"column":4},"end":{"line":66,"column":127}},"38":{"start":{"line":66,"column":50},"end":{"line":66,"column":127}},"39":{"start":{"line":67,"column":4},"end":{"line":67,"column":117}},"40":{"start":{"line":67,"column":45},"end":{"line":67,"column":117}},"41":{"start":{"line":68,"column":4},"end":{"line":68,"column":126}},"42":{"start":{"line":68,"column":48},"end":{"line":68,"column":126}},"43":{"start":{"line":70,"column":4},"end":{"line":70,"column":158}},"44":{"start":{"line":70,"column":84},"end":{"line":70,"column":158}},"45":{"start":{"line":71,"column":4},"end":{"line":71,"column":171}},"46":{"start":{"line":71,"column":84},"end":{"line":71,"column":171}},"47":{"start":{"line":75,"column":17},"end":{"line":75,"column":107}},"48":{"start":{"line":76,"column":48},"end":{"line":76,"column":209}},"49":{"start":{"line":78,"column":4},"end":{"line":78,"column":127}},"50":{"start":{"line":78,"column":50},"end":{"line":78,"column":127}},"51":{"start":{"line":79,"column":4},"end":{"line":79,"column":117}},"52":{"start":{"line":79,"column":45},"end":{"line":79,"column":117}},"53":{"start":{"line":80,"column":4},"end":{"line":80,"column":126}},"54":{"start":{"line":80,"column":48},"end":{"line":80,"column":126}},"55":{"start":{"line":82,"column":4},"end":{"line":82,"column":158}},"56":{"start":{"line":82,"column":84},"end":{"line":82,"column":158}},"57":{"start":{"line":83,"column":4},"end":{"line":83,"column":171}},"58":{"start":{"line":83,"column":84},"end":{"line":83,"column":171}},"59":{"start":{"line":87,"column":12},"end":{"line":116,"column":4}},"60":{"start":{"line":90,"column":28},"end":{"line":90,"column":92}},"61":{"start":{"line":91,"column":24},"end":{"line":91,"column":40}},"62":{"start":{"line":96,"column":28},"end":{"line":96,"column":83}},"63":{"start":{"line":97,"column":24},"end":{"line":97,"column":41}},"64":{"start":{"line":102,"column":28},"end":{"line":102,"column":114}},"65":{"start":{"line":103,"column":24},"end":{"line":103,"column":38}},"66":{"start":{"line":108,"column":28},"end":{"line":108,"column":98}},"67":{"start":{"line":109,"column":24},"end":{"line":109,"column":40}},"68":{"start":{"line":113,"column":28},"end":{"line":113,"column":106}},"69":{"start":{"line":114,"column":24},"end":{"line":114,"column":37}},"70":{"start":{"line":22,"column":13},"end":{"line":22,"column":39}},"71":{"start":{"line":22,"column":13},"end":{"line":117,"column":null}}},"fnMap":{"0":{"name":"(anonymous_1)","decl":{"start":{"line":25,"column":2},"end":{"line":25,"column":7}},"loc":{"start":{"line":25,"column":51},"end":{"line":39,"column":3}}},"1":{"name":"(anonymous_2)","decl":{"start":{"line":41,"column":2},"end":{"line":41,"column":7}},"loc":{"start":{"line":41,"column":54},"end":{"line":44,"column":3}}},"2":{"name":"(anonymous_3)","decl":{"start":{"line":47,"column":2},"end":{"line":47,"column":7}},"loc":{"start":{"line":47,"column":47},"end":{"line":60,"column":3}}},"3":{"name":"(anonymous_4)","decl":{"start":{"line":62,"column":2},"end":{"line":62,"column":7}},"loc":{"start":{"line":62,"column":51},"end":{"line":72,"column":3}}},"4":{"name":"(anonymous_5)","decl":{"start":{"line":74,"column":2},"end":{"line":74,"column":7}},"loc":{"start":{"line":74,"column":45},"end":{"line":84,"column":3}}},"5":{"name":"(anonymous_6)","decl":{"start":{"line":90,"column":18},"end":{"line":90,"column":19}},"loc":{"start":{"line":90,"column":28},"end":{"line":90,"column":92}}},"6":{"name":"(anonymous_7)","decl":{"start":{"line":91,"column":15},"end":{"line":91,"column":16}},"loc":{"start":{"line":91,"column":24},"end":{"line":91,"column":40}}},"7":{"name":"(anonymous_8)","decl":{"start":{"line":96,"column":18},"end":{"line":96,"column":19}},"loc":{"start":{"line":96,"column":28},"end":{"line":96,"column":83}}},"8":{"name":"(anonymous_9)","decl":{"start":{"line":97,"column":15},"end":{"line":97,"column":16}},"loc":{"start":{"line":97,"column":24},"end":{"line":97,"column":41}}},"9":{"name":"(anonymous_10)","decl":{"start":{"line":102,"column":18},"end":{"line":102,"column":19}},"loc":{"start":{"line":102,"column":28},"end":{"line":102,"column":114}}},"10":{"name":"(anonymous_11)","decl":{"start":{"line":103,"column":15},"end":{"line":103,"column":16}},"loc":{"start":{"line":103,"column":24},"end":{"line":103,"column":38}}},"11":{"name":"(anonymous_12)","decl":{"start":{"line":108,"column":18},"end":{"line":108,"column":19}},"loc":{"start":{"line":108,"column":28},"end":{"line":108,"column":98}}},"12":{"name":"(anonymous_13)","decl":{"start":{"line":109,"column":15},"end":{"line":109,"column":16}},"loc":{"start":{"line":109,"column":24},"end":{"line":109,"column":40}}},"13":{"name":"(anonymous_14)","decl":{"start":{"line":113,"column":18},"end":{"line":113,"column":19}},"loc":{"start":{"line":113,"column":28},"end":{"line":113,"column":106}}},"14":{"name":"(anonymous_15)","decl":{"start":{"line":114,"column":15},"end":{"line":114,"column":16}},"loc":{"start":{"line":114,"column":24},"end":{"line":114,"column":37}}}},"branchMap":{"0":{"loc":{"start":{"line":51,"column":4},"end":{"line":51,"column":127}},"type":"if","locations":[{"start":{"line":51,"column":4},"end":{"line":51,"column":127}},{"start":{},"end":{}}]},"1":{"loc":{"start":{"line":52,"column":4},"end":{"line":52,"column":117}},"type":"if","locations":[{"start":{"line":52,"column":4},"end":{"line":52,"column":117}},{"start":{},"end":{}}]},"2":{"loc":{"start":{"line":53,"column":4},"end":{"line":53,"column":135}},"type":"if","locations":[{"start":{"line":53,"column":4},"end":{"line":53,"column":135}},{"start":{},"end":{}}]},"3":{"loc":{"start":{"line":55,"column":4},"end":{"line":55,"column":173}},"type":"if","locations":[{"start":{"line":55,"column":4},"end":{"line":55,"column":173}},{"start":{},"end":{}}]},"4":{"loc":{"start":{"line":55,"column":8},"end":{"line":55,"column":97}},"type":"binary-expr","locations":[{"start":{"line":55,"column":8},"end":{"line":55,"column":45}},{"start":{"line":55,"column":49},"end":{"line":55,"column":82}},{"start":{"line":55,"column":86},"end":{"line":55,"column":97}}]},"5":{"loc":{"start":{"line":56,"column":4},"end":{"line":56,"column":185}},"type":"if","locations":[{"start":{"line":56,"column":4},"end":{"line":56,"column":185}},{"start":{},"end":{}}]},"6":{"loc":{"start":{"line":56,"column":8},"end":{"line":56,"column":96}},"type":"binary-expr","locations":[{"start":{"line":56,"column":8},"end":{"line":56,"column":45}},{"start":{"line":56,"column":49},"end":{"line":56,"column":82}},{"start":{"line":56,"column":86},"end":{"line":56,"column":96}}]},"7":{"loc":{"start":{"line":57,"column":4},"end":{"line":57,"column":171}},"type":"if","locations":[{"start":{"line":57,"column":4},"end":{"line":57,"column":171}},{"start":{},"end":{}}]},"8":{"loc":{"start":{"line":57,"column":8},"end":{"line":57,"column":82}},"type":"binary-expr","locations":[{"start":{"line":57,"column":8},"end":{"line":57,"column":45}},{"start":{"line":57,"column":49},"end":{"line":57,"column":82}}]},"9":{"loc":{"start":{"line":66,"column":4},"end":{"line":66,"column":127}},"type":"if","locations":[{"start":{"line":66,"column":4},"end":{"line":66,"column":127}},{"start":{},"end":{}}]},"10":{"loc":{"start":{"line":67,"column":4},"end":{"line":67,"column":117}},"type":"if","locations":[{"start":{"line":67,"column":4},"end":{"line":67,"column":117}},{"start":{},"end":{}}]},"11":{"loc":{"start":{"line":68,"column":4},"end":{"line":68,"column":126}},"type":"if","locations":[{"start":{"line":68,"column":4},"end":{"line":68,"column":126}},{"start":{},"end":{}}]},"12":{"loc":{"start":{"line":70,"column":4},"end":{"line":70,"column":158}},"type":"if","locations":[{"start":{"line":70,"column":4},"end":{"line":70,"column":158}},{"start":{},"end":{}}]},"13":{"loc":{"start":{"line":70,"column":8},"end":{"line":70,"column":82}},"type":"binary-expr","locations":[{"start":{"line":70,"column":8},"end":{"line":70,"column":45}},{"start":{"line":70,"column":49},"end":{"line":70,"column":82}}]},"14":{"loc":{"start":{"line":71,"column":4},"end":{"line":71,"column":171}},"type":"if","locations":[{"start":{"line":71,"column":4},"end":{"line":71,"column":171}},{"start":{},"end":{}}]},"15":{"loc":{"start":{"line":71,"column":8},"end":{"line":71,"column":82}},"type":"binary-expr","locations":[{"start":{"line":71,"column":8},"end":{"line":71,"column":45}},{"start":{"line":71,"column":49},"end":{"line":71,"column":82}}]},"16":{"loc":{"start":{"line":78,"column":4},"end":{"line":78,"column":127}},"type":"if","locations":[{"start":{"line":78,"column":4},"end":{"line":78,"column":127}},{"start":{},"end":{}}]},"17":{"loc":{"start":{"line":79,"column":4},"end":{"line":79,"column":117}},"type":"if","locations":[{"start":{"line":79,"column":4},"end":{"line":79,"column":117}},{"start":{},"end":{}}]},"18":{"loc":{"start":{"line":80,"column":4},"end":{"line":80,"column":126}},"type":"if","locations":[{"start":{"line":80,"column":4},"end":{"line":80,"column":126}},{"start":{},"end":{}}]},"19":{"loc":{"start":{"line":82,"column":4},"end":{"line":82,"column":158}},"type":"if","locations":[{"start":{"line":82,"column":4},"end":{"line":82,"column":158}},{"start":{},"end":{}}]},"20":{"loc":{"start":{"line":82,"column":8},"end":{"line":82,"column":82}},"type":"binary-expr","locations":[{"start":{"line":82,"column":8},"end":{"line":82,"column":45}},{"start":{"line":82,"column":49},"end":{"line":82,"column":82}}]},"21":{"loc":{"start":{"line":83,"column":4},"end":{"line":83,"column":171}},"type":"if","locations":[{"start":{"line":83,"column":4},"end":{"line":83,"column":171}},{"start":{},"end":{}}]},"22":{"loc":{"start":{"line":83,"column":8},"end":{"line":83,"column":82}},"type":"binary-expr","locations":[{"start":{"line":83,"column":8},"end":{"line":83,"column":45}},{"start":{"line":83,"column":49},"end":{"line":83,"column":82}}]}},"s":{"0":5,"1":5,"2":5,"3":5,"4":5,"5":5,"6":5,"7":5,"8":5,"9":5,"10":5,"11":5,"12":5,"13":5,"14":5,"15":5,"16":9,"17":9,"18":13,"19":13,"20":9,"21":6,"22":6,"23":1,"24":5,"25":1,"26":4,"27":1,"28":4,"29":1,"30":3,"31":1,"32":3,"33":3,"34":3,"35":8,"36":5,"37":5,"38":1,"39":4,"40":1,"41":3,"42":1,"43":2,"44":1,"45":1,"46":1,"47":8,"48":5,"49":5,"50":1,"51":4,"52":1,"53":3,"54":1,"55":2,"56":1,"57":1,"58":1,"59":15,"60":9,"61":9,"62":13,"63":13,"64":10,"65":10,"66":9,"67":9,"68":9,"69":9,"70":5,"71":5},"f":{"0":9,"1":13,"2":9,"3":8,"4":8,"5":9,"6":9,"7":13,"8":13,"9":10,"10":10,"11":9,"12":9,"13":9,"14":9},"b":{"0":[1,5],"1":[1,4],"2":[1,3],"3":[1,3],"4":[4,4,2],"5":[1,2],"6":[3,3,1],"7":[3,0],"8":[3,3],"9":[1,4],"10":[1,3],"11":[1,2],"12":[1,1],"13":[2,2],"14":[1,0],"15":[1,1],"16":[1,4],"17":[1,3],"18":[1,2],"19":[1,1],"20":[2,2],"21":[1,0],"22":[1,1]}}
}
