TN:
SF:src/modules/internal/basket/common/basket-strategy.decorator.ts
FN:5,(anonymous_0)
FNF:1
FNH:1
FNDA:15,(anonymous_0)
DA:1,5
DA:3,5
DA:5,15
LF:3
LH:3
BRF:0
BRH:0
end_of_record
TN:
SF:src/modules/internal/basket/common/basket.enum.ts
FN:1,(anonymous_0)
FNF:1
FNH:1
FNDA:5,(anonymous_0)
DA:1,5
DA:2,5
DA:3,5
DA:4,5
DA:5,5
DA:6,5
DA:7,5
LF:7
LH:7
BRDA:1,0,0,5
BRDA:1,0,1,5
BRF:2
BRH:2
end_of_record
TN:
SF:src/modules/internal/basket/v1/basket-strategy.context.ts
FN:11,(anonymous_2)
FN:16,(anonymous_3)
FN:20,(anonymous_4)
FN:36,(anonymous_5)
FNF:4
FNH:4
FNDA:5,(anonymous_2)
FNDA:5,(anonymous_3)
FNDA:5,(anonymous_4)
FNDA:50,(anonymous_5)
DA:1,5
DA:2,5
DA:4,5
DA:5,5
DA:8,5
DA:9,5
DA:12,5
DA:13,5
DA:17,5
DA:21,5
DA:22,50
DA:23,270
DA:24,270
DA:25,260
DA:27,15
DA:29,15
DA:31,15
DA:37,50
DA:38,50
DA:39,0
DA:41,50
LF:21
LH:20
BRDA:24,0,0,10
BRDA:24,0,1,260
BRDA:25,1,0,245
BRDA:25,1,1,15
BRDA:29,2,0,0
BRDA:29,2,1,15
BRDA:38,3,0,0
BRDA:38,3,1,50
BRDA:12,4,0,5
BRDA:12,4,1,0
BRDA:12,5,0,5
BRDA:12,5,1,5
BRDA:12,6,0,5
BRDA:12,6,1,0
BRDA:12,7,0,5
BRDA:12,7,1,5
BRF:16
BRH:12
end_of_record
TN:
SF:src/modules/internal/basket/v1/basket.controller.ts
FN:14,(anonymous_4)
FN:17,(anonymous_5)
FN:22,(anonymous_6)
FN:28,(anonymous_7)
FN:34,(anonymous_8)
FN:40,(anonymous_9)
FNF:6
FNH:6
FNDA:5,(anonymous_4)
FNDA:9,(anonymous_5)
FNDA:13,(anonymous_6)
FNDA:10,(anonymous_7)
FNDA:9,(anonymous_8)
FNDA:9,(anonymous_9)
DA:1,5
DA:2,5
DA:3,5
DA:5,5
DA:6,5
DA:7,5
DA:8,5
DA:9,5
DA:10,5
DA:13,5
DA:14,5
DA:17,5
DA:18,9
DA:22,5
DA:23,13
DA:28,5
DA:29,10
DA:34,5
DA:35,9
DA:40,5
DA:41,9
LF:21
LH:21
BRDA:17,0,0,0
BRDA:17,0,1,5
BRDA:17,1,0,5
BRDA:17,1,1,5
BRDA:17,2,0,5
BRDA:17,2,1,0
BRDA:17,3,0,5
BRDA:17,3,1,5
BRDA:22,4,0,0
BRDA:22,4,1,5
BRDA:22,5,0,5
BRDA:22,5,1,5
BRDA:28,6,0,0
BRDA:28,6,1,5
BRDA:28,7,0,5
BRDA:28,7,1,5
BRDA:28,8,0,5
BRDA:28,8,1,0
BRDA:28,9,0,5
BRDA:28,9,1,5
BRDA:28,10,0,5
BRDA:28,10,1,0
BRDA:28,11,0,5
BRDA:28,11,1,5
BRDA:34,12,0,0
BRDA:34,12,1,5
BRDA:34,13,0,5
BRDA:34,13,1,5
BRDA:34,14,0,5
BRDA:34,14,1,0
BRDA:34,15,0,5
BRDA:34,15,1,5
BRDA:40,16,0,0
BRDA:40,16,1,5
BRDA:40,17,0,5
BRDA:40,17,1,5
BRDA:40,18,0,5
BRDA:40,18,1,0
BRDA:40,19,0,5
BRDA:40,19,1,5
BRDA:40,20,0,5
BRDA:40,20,1,0
BRDA:40,21,0,5
BRDA:40,21,1,5
BRDA:14,22,0,5
BRDA:14,22,1,0
BRDA:14,23,0,5
BRDA:14,23,1,5
BRF:48
BRH:36
end_of_record
TN:
SF:src/modules/internal/basket/v1/repositories/basket-base.repository.ts
FN:16,(anonymous_4)
FN:28,(anonymous_5)
FN:32,(anonymous_6)
FN:42,(anonymous_7)
FN:52,(anonymous_8)
FNF:5
FNH:5
FNDA:5,(anonymous_4)
FNDA:9,(anonymous_5)
FNDA:13,(anonymous_6)
FNDA:27,(anonymous_7)
FNDA:7,(anonymous_8)
DA:1,5
DA:2,5
DA:3,5
DA:4,5
DA:5,5
DA:6,5
DA:7,5
DA:15,5
DA:17,5
DA:29,9
DA:33,13
DA:34,13
DA:36,13
DA:37,91
DA:39,13
DA:43,27
DA:44,27
DA:46,27
DA:47,27
DA:49,18
DA:53,7
DA:54,7
DA:55,7
LF:23
LH:23
BRDA:44,0,0,27
BRDA:44,0,1,0
BRDA:47,1,0,9
BRDA:47,1,1,18
BRDA:54,2,0,0
BRDA:54,2,1,7
BRDA:16,3,0,5
BRDA:16,3,1,0
BRDA:16,4,0,5
BRDA:16,4,1,5
BRF:10
BRH:7
end_of_record
TN:
SF:src/modules/internal/basket/v1/strategies/basket-base.strategy.ts
FN:14,(anonymous_2)
FN:17,(anonymous_3)
FN:21,(anonymous_4)
FN:25,(anonymous_5)
FN:29,(anonymous_6)
FN:34,(anonymous_7)
FN:38,(anonymous_8)
FN:42,(anonymous_9)
FN:55,(anonymous_10)
FNF:9
FNH:4
FNDA:15,(anonymous_2)
FNDA:0,(anonymous_3)
FNDA:0,(anonymous_4)
FNDA:0,(anonymous_5)
FNDA:0,(anonymous_6)
FNDA:4,(anonymous_7)
FNDA:13,(anonymous_8)
FNDA:0,(anonymous_9)
FNDA:50,(anonymous_10)
DA:1,5
DA:2,5
DA:3,5
DA:4,5
DA:5,5
DA:6,5
DA:10,5
DA:13,5
DA:14,15
DA:18,0
DA:22,0
DA:26,0
DA:30,0
DA:35,4
DA:39,13
DA:43,0
DA:56,50
DA:57,50
DA:59,50
DA:60,18
DA:61,18
DA:62,18
DA:65,50
DA:66,50
LF:24
LH:19
BRDA:57,0,0,0
BRDA:57,0,1,50
BRDA:59,1,0,18
BRDA:59,1,1,32
BRDA:59,2,0,50
BRDA:59,2,1,18
BRDA:62,3,0,0
BRDA:62,3,1,18
BRDA:14,4,0,5
BRDA:14,4,1,0
BRDA:14,5,0,5
BRDA:14,5,1,5
BRF:12
BRH:9
end_of_record
TN:
SF:src/modules/internal/basket/v1/strategies/device/basket-1000TR.strategy.ts
FN:19,(anonymous_1)
FN:35,(anonymous_2)
FN:48,(anonymous_3)
FNF:3
FNH:3
FNDA:1,(anonymous_1)
FNDA:1,(anonymous_2)
FNDA:1,(anonymous_3)
DA:1,5
DA:2,5
DA:3,5
DA:4,5
DA:6,5
DA:9,5
DA:13,5
DA:17,5
DA:20,1
DA:21,1
DA:23,1
DA:24,1
DA:25,0
DA:27,0
DA:28,0
DA:29,0
DA:31,0
DA:36,1
DA:37,1
DA:39,1
DA:40,1
DA:41,0
DA:43,0
DA:44,0
DA:49,1
LF:25
LH:17
BRDA:23,0,0,0
BRDA:23,0,1,1
BRDA:24,1,0,1
BRDA:24,1,1,0
BRDA:25,2,0,0
BRDA:25,2,1,0
BRDA:27,3,0,0
BRDA:27,3,1,0
BRDA:27,4,0,0
BRDA:27,4,1,0
BRDA:27,4,2,0
BRDA:28,5,0,0
BRDA:28,5,1,0
BRDA:28,6,0,0
BRDA:28,6,1,0
BRDA:28,6,2,0
BRDA:29,7,0,0
BRDA:29,7,1,0
BRDA:29,8,0,0
BRDA:29,8,1,0
BRDA:39,9,0,0
BRDA:39,9,1,1
BRDA:40,10,0,1
BRDA:40,10,1,0
BRDA:41,11,0,0
BRDA:41,11,1,0
BRDA:43,12,0,0
BRDA:43,12,1,0
BRDA:43,13,0,0
BRDA:43,13,1,0
BRDA:44,14,0,0
BRDA:44,14,1,0
BRDA:44,15,0,0
BRDA:44,15,1,0
BRF:34
BRH:4
end_of_record
TN:
SF:src/modules/internal/basket/v1/strategies/device/basket-400TR.strategy.ts
FNF:0
FNH:0
DA:1,5
DA:3,5
DA:4,5
DA:8,5
LF:4
LH:4
BRF:0
BRH:0
end_of_record
TN:
SF:src/modules/internal/basket/v1/strategies/device/basket-430TR.strategy.ts
FNF:0
FNH:0
DA:1,5
DA:3,5
DA:4,5
DA:8,5
LF:4
LH:4
BRF:0
BRH:0
end_of_record
TN:
SF:src/modules/internal/basket/v1/strategies/device/basket-base-device.strategy.ts
FN:25,(anonymous_1)
FN:41,(anonymous_2)
FN:47,(anonymous_3)
FN:62,(anonymous_4)
FN:74,(anonymous_5)
FN:90,(anonymous_6)
FN:91,(anonymous_7)
FN:96,(anonymous_8)
FN:97,(anonymous_9)
FN:102,(anonymous_10)
FN:103,(anonymous_11)
FN:108,(anonymous_12)
FN:109,(anonymous_13)
FN:113,(anonymous_14)
FN:114,(anonymous_15)
FNF:15
FNH:15
FNDA:9,(anonymous_1)
FNDA:13,(anonymous_2)
FNDA:9,(anonymous_3)
FNDA:8,(anonymous_4)
FNDA:8,(anonymous_5)
FNDA:9,(anonymous_6)
FNDA:9,(anonymous_7)
FNDA:13,(anonymous_8)
FNDA:13,(anonymous_9)
FNDA:10,(anonymous_10)
FNDA:10,(anonymous_11)
FNDA:9,(anonymous_12)
FNDA:9,(anonymous_13)
FNDA:9,(anonymous_14)
FNDA:9,(anonymous_15)
DA:1,5
DA:2,5
DA:3,5
DA:4,5
DA:6,5
DA:10,5
DA:11,5
DA:12,5
DA:13,5
DA:14,5
DA:15,5
DA:16,5
DA:17,5
DA:18,5
DA:19,5
DA:22,5
DA:26,9
DA:38,9
DA:42,13
DA:43,13
DA:48,9
DA:49,6
DA:51,6
DA:52,5
DA:53,4
DA:55,4
DA:56,3
DA:57,3
DA:59,3
DA:63,8
DA:64,5
DA:66,5
DA:67,4
DA:68,3
DA:70,2
DA:71,1
DA:75,8
DA:76,5
DA:78,5
DA:79,4
DA:80,3
DA:82,2
DA:83,1
DA:87,15
DA:90,9
DA:91,9
DA:96,13
DA:97,13
DA:102,10
DA:103,10
DA:108,9
DA:109,9
DA:113,9
DA:114,9
LF:54
LH:54
BRDA:51,0,0,1
BRDA:51,0,1,5
BRDA:52,1,0,1
BRDA:52,1,1,4
BRDA:53,2,0,1
BRDA:53,2,1,3
BRDA:55,3,0,1
BRDA:55,3,1,3
BRDA:55,4,0,4
BRDA:55,4,1,4
BRDA:55,4,2,2
BRDA:56,5,0,1
BRDA:56,5,1,2
BRDA:56,6,0,3
BRDA:56,6,1,3
BRDA:56,6,2,1
BRDA:57,7,0,3
BRDA:57,7,1,0
BRDA:57,8,0,3
BRDA:57,8,1,3
BRDA:66,9,0,1
BRDA:66,9,1,4
BRDA:67,10,0,1
BRDA:67,10,1,3
BRDA:68,11,0,1
BRDA:68,11,1,2
BRDA:70,12,0,1
BRDA:70,12,1,1
BRDA:70,13,0,2
BRDA:70,13,1,2
BRDA:71,14,0,1
BRDA:71,14,1,0
BRDA:71,15,0,1
BRDA:71,15,1,1
BRDA:78,16,0,1
BRDA:78,16,1,4
BRDA:79,17,0,1
BRDA:79,17,1,3
BRDA:80,18,0,1
BRDA:80,18,1,2
BRDA:82,19,0,1
BRDA:82,19,1,1
BRDA:82,20,0,2
BRDA:82,20,1,2
BRDA:83,21,0,1
BRDA:83,21,1,0
BRDA:83,22,0,1
BRDA:83,22,1,1
BRF:48
BRH:45
end_of_record
